========== DEPLOY 1 ==========
✅ 3分間承認: npx wrangler deploy (理由: 3分間承認)
📁 feature/phase15-pre-cpu-budget

 ⛅️ wrangler 3.114.17 (update available 4.83.0)
-----------------------------------------------

[33m▲ [43;33m[[43;30mWARNING[43;33m][0m [1mThe version of Wrangler you are using is now out-of-date.[0m

  Please update to the latest version to prevent critical errors.
  Run `npm install --save-dev wrangler@4` to update to the latest version.
  After installation, run Wrangler with `npx wrangler`.


Total Upload: 4419.57 KiB / gzip: 1068.84 KiB
Worker Startup Time: 663 ms
Your worker has access to the following bindings:
- Durable Objects:
  - COUNTER: HomurabiCounterDO
- KV Namespaces:
  - KV: 64ee32f1c6c64f85af9591e827da7462
- Queues:
  - JOBS_QUEUE: homurabi-jobs
- D1 Databases:
  - DB: homurabi-db (3a59c955-198e-478f-8f11-71d5f3eb7600)
- R2 Buckets:
  - BUCKET: homurabi-bucket
- AI:
  - Name: AI
- Vars:
  - HOMURABI_ENABLE_CRYPTO_DEMOS: "0"
  - HOMURABI_ENABLE_AI_DEMOS: "0"
  - HOMURABI_ENABLE_BINDING_DEMOS: "0"
  - HOMURABI_ENABLE_SCHEDULED_DEMOS: "0"
  - HOMURABI_ENABLE_FOUNDATIONS_DEMOS: "0"
Uploaded homurabi (6.52 sec)
Deployed homurabi triggers (1.84 sec)
  https://homurabi.kazu-san.workers.dev
  schedule: */5 * * * *
  schedule: 0 */1 * * *
  Producer for homurabi-jobs
  Consumer for homurabi-jobs
Current Version ID: faad31a4-7998-439b-a7c0-43a26b734f8b
exit=0
========== DEPLOY 2 ==========

 ⛅️ wrangler 3.114.17 (update available 4.83.0)
-----------------------------------------------

[33m▲ [43;33m[[43;30mWARNING[43;33m][0m [1mThe version of Wrangler you are using is now out-of-date.[0m

  Please update to the latest version to prevent critical errors.
  Run `npm install --save-dev wrangler@4` to update to the latest version.
  After installation, run Wrangler with `npx wrangler`.


Total Upload: 4419.57 KiB / gzip: 1068.84 KiB
Worker Startup Time: 548 ms
Your worker has access to the following bindings:
- Durable Objects:
  - COUNTER: HomurabiCounterDO
- KV Namespaces:
  - KV: 64ee32f1c6c64f85af9591e827da7462
- Queues:
  - JOBS_QUEUE: homurabi-jobs
- D1 Databases:
  - DB: homurabi-db (3a59c955-198e-478f-8f11-71d5f3eb7600)
- R2 Buckets:
  - BUCKET: homurabi-bucket
- AI:
  - Name: AI
- Vars:
  - HOMURABI_ENABLE_CRYPTO_DEMOS: "0"
  - HOMURABI_ENABLE_AI_DEMOS: "0"
  - HOMURABI_ENABLE_BINDING_DEMOS: "0"
  - HOMURABI_ENABLE_SCHEDULED_DEMOS: "0"
  - HOMURABI_ENABLE_FOUNDATIONS_DEMOS: "0"
Uploaded homurabi (5.44 sec)
Deployed homurabi triggers (1.09 sec)
  https://homurabi.kazu-san.workers.dev
  schedule: */5 * * * *
  schedule: 0 */1 * * *
  Producer for homurabi-jobs
  Consumer for homurabi-jobs
Current Version ID: a4017dfc-0b6c-4a8c-89f1-5ce41354a161
exit=0
========== DEPLOY 3 ==========

 ⛅️ wrangler 3.114.17 (update available 4.83.0)
-----------------------------------------------

[33m▲ [43;33m[[43;30mWARNING[43;33m][0m [1mThe version of Wrangler you are using is now out-of-date.[0m

  Please update to the latest version to prevent critical errors.
  Run `npm install --save-dev wrangler@4` to update to the latest version.
  After installation, run Wrangler with `npx wrangler`.


Total Upload: 4419.57 KiB / gzip: 1068.84 KiB
Worker Startup Time: 582 ms
Your worker has access to the following bindings:
- Durable Objects:
  - COUNTER: HomurabiCounterDO
- KV Namespaces:
  - KV: 64ee32f1c6c64f85af9591e827da7462
- Queues:
  - JOBS_QUEUE: homurabi-jobs
- D1 Databases:
  - DB: homurabi-db (3a59c955-198e-478f-8f11-71d5f3eb7600)
- R2 Buckets:
  - BUCKET: homurabi-bucket
- AI:
  - Name: AI
- Vars:
  - HOMURABI_ENABLE_CRYPTO_DEMOS: "0"
  - HOMURABI_ENABLE_AI_DEMOS: "0"
  - HOMURABI_ENABLE_BINDING_DEMOS: "0"
  - HOMURABI_ENABLE_SCHEDULED_DEMOS: "0"
  - HOMURABI_ENABLE_FOUNDATIONS_DEMOS: "0"
Uploaded homurabi (10.76 sec)
Deployed homurabi triggers (1.33 sec)
  https://homurabi.kazu-san.workers.dev
  schedule: */5 * * * *
  schedule: 0 */1 * * *
  Producer for homurabi-jobs
  Consumer for homurabi-jobs
Current Version ID: f72b6942-a744-497e-91fe-9186bbf4e1b6
exit=0
