========== DEPLOY RUN 1 2026-04-20T07:19:05Z ==========
✅ 3分間承認: /opt/homebrew/bin/mise exec -- npx wrangler deploy (理由: 3分間承認)
📁 feature/phase15b-cfw-runtime-gem

 ⛅️ wrangler 3.114.17 (update available 4.83.0)
-----------------------------------------------

[33m▲ [43;33m[[43;30mWARNING[43;33m][0m [1mThe version of Wrangler you are using is now out-of-date.[0m

  Please update to the latest version to prevent critical errors.
  Run `npm install --save-dev wrangler@4` to update to the latest version.
  After installation, run Wrangler with `npx wrangler`.


Total Upload: 4426.10 KiB / gzip: 1070.60 KiB
Worker Startup Time: 549 ms
Your worker has access to the following bindings:
- Durable Objects:
  - COUNTER: HomurabiCounterDO
- KV Namespaces:
  - KV: 64ee32f1c6c64f85af9591e827da7462
- Queues:
  - JOBS_QUEUE: homurabi-jobs
- D1 Databases:
  - DB: homurabi-db (3a59c955-198e-478f-8f11-71d5f3eb7600)
- R2 Buckets:
  - BUCKET: homurabi-bucket
- AI:
  - Name: AI
- Vars:
  - HOMURABI_ENABLE_CRYPTO_DEMOS: "0"
  - HOMURABI_ENABLE_AI_DEMOS: "0"
  - HOMURABI_ENABLE_BINDING_DEMOS: "0"
  - HOMURABI_ENABLE_SCHEDULED_DEMOS: "0"
  - HOMURABI_ENABLE_FOUNDATIONS_DEMOS: "0"
Uploaded homurabi (7.14 sec)
Deployed homurabi triggers (1.30 sec)
  https://homurabi.kazu-san.workers.dev
  schedule: */5 * * * *
  schedule: 0 */1 * * *
  Producer for homurabi-jobs
  Consumer for homurabi-jobs
Current Version ID: a7808b95-ab2f-48f2-a2d9-a4b0335e6de2
exit_code=0
========== DEPLOY RUN 2 2026-04-20T07:19:24Z ==========

 ⛅️ wrangler 3.114.17 (update available 4.83.0)
-----------------------------------------------

[33m▲ [43;33m[[43;30mWARNING[43;33m][0m [1mThe version of Wrangler you are using is now out-of-date.[0m

  Please update to the latest version to prevent critical errors.
  Run `npm install --save-dev wrangler@4` to update to the latest version.
  After installation, run Wrangler with `npx wrangler`.


Total Upload: 4426.10 KiB / gzip: 1070.60 KiB
Worker Startup Time: 543 ms
Your worker has access to the following bindings:
- Durable Objects:
  - COUNTER: HomurabiCounterDO
- KV Namespaces:
  - KV: 64ee32f1c6c64f85af9591e827da7462
- Queues:
  - JOBS_QUEUE: homurabi-jobs
- D1 Databases:
  - DB: homurabi-db (3a59c955-198e-478f-8f11-71d5f3eb7600)
- R2 Buckets:
  - BUCKET: homurabi-bucket
- AI:
  - Name: AI
- Vars:
  - HOMURABI_ENABLE_CRYPTO_DEMOS: "0"
  - HOMURABI_ENABLE_AI_DEMOS: "0"
  - HOMURABI_ENABLE_BINDING_DEMOS: "0"
  - HOMURABI_ENABLE_SCHEDULED_DEMOS: "0"
  - HOMURABI_ENABLE_FOUNDATIONS_DEMOS: "0"
Uploaded homurabi (6.86 sec)
Deployed homurabi triggers (1.12 sec)
  https://homurabi.kazu-san.workers.dev
  schedule: */5 * * * *
  schedule: 0 */1 * * *
  Producer for homurabi-jobs
  Consumer for homurabi-jobs
Current Version ID: 44c391e9-d56d-44f5-b677-69f8cc748d14
exit_code=0
========== DEPLOY RUN 3 2026-04-20T07:19:35Z ==========

 ⛅️ wrangler 3.114.17 (update available 4.83.0)
-----------------------------------------------

[33m▲ [43;33m[[43;30mWARNING[43;33m][0m [1mThe version of Wrangler you are using is now out-of-date.[0m

  Please update to the latest version to prevent critical errors.
  Run `npm install --save-dev wrangler@4` to update to the latest version.
  After installation, run Wrangler with `npx wrangler`.


Total Upload: 4426.10 KiB / gzip: 1070.60 KiB
Worker Startup Time: 576 ms
Your worker has access to the following bindings:
- Durable Objects:
  - COUNTER: HomurabiCounterDO
- KV Namespaces:
  - KV: 64ee32f1c6c64f85af9591e827da7462
- Queues:
  - JOBS_QUEUE: homurabi-jobs
- D1 Databases:
  - DB: homurabi-db (3a59c955-198e-478f-8f11-71d5f3eb7600)
- R2 Buckets:
  - BUCKET: homurabi-bucket
- AI:
  - Name: AI
- Vars:
  - HOMURABI_ENABLE_CRYPTO_DEMOS: "0"
  - HOMURABI_ENABLE_AI_DEMOS: "0"
  - HOMURABI_ENABLE_BINDING_DEMOS: "0"
  - HOMURABI_ENABLE_SCHEDULED_DEMOS: "0"
  - HOMURABI_ENABLE_FOUNDATIONS_DEMOS: "0"
Uploaded homurabi (6.40 sec)
Deployed homurabi triggers (1.18 sec)
  https://homurabi.kazu-san.workers.dev
  schedule: */5 * * * *
  schedule: 0 */1 * * *
  Producer for homurabi-jobs
  Consumer for homurabi-jobs
Current Version ID: 41cb17a0-18f2-4f2c-9a24-2a655299fd5c
exit_code=0
ALL_DEPLOY_OK
